Сборка начата 30.03.2022 15:12:56.
Уровень детализации журнала: Normal.     1>Проект "D:\БГТУ Лабы, лекции и тд\Курс_1_2\АиСД\Лабораторные\Лаб_4\Lab_4_AiSD\Lab_4_AiSD\Lab_4_AiSD.vcxproj" в узле 2 (целевые объекты Build).
     1>InitializeBuildStatus:
         Создание "Debug\Lab_4_AiSD.tlog\unsuccessfulbuild", так как было задано "AlwaysCreate".
       ClCompile:
         C:\Program Files (x86)\Microsoft Visual Studio\2019\Community\VC\Tools\MSVC\14.29.30133\bin\HostX86\x86\CL.exe /c /ZI /JMC /nologo /W3 /WX- /diagnostics:column /sdl /Od /Oy- /D WIN32 /D _DEBUG /D _CONSOLE /D _UNICODE /D UNICODE /Gm- /EHsc /RTC1 /MDd /GS /fp:precise /permissive- /Zc:wchar_t /Zc:forScope /Zc:inline /Fo"Debug\\" /Fd"Debug\vc142.pdb" /external:W3 /Gd /TP /analyze- /FC /errorReport:prompt Lab_4_AiSD.cpp
         Lab_4_AiSD.cpp
     1>D:\БГТУ Лабы, лекции и тд\Курс_1_2\АиСД\Лабораторные\Лаб_4\Lab_4_AiSD\Lab_4_AiSD\Lab_4_AiSD.cpp(7,12): warning C4244: аргумент: преобразование "time_t" в "unsigned int", возможна потеря данных
       Link:
         C:\Program Files (x86)\Microsoft Visual Studio\2019\Community\VC\Tools\MSVC\14.29.30133\bin\HostX86\x86\link.exe /ERRORREPORT:PROMPT /OUT:"D:\БГТУ Лабы, лекции и тд\Курс_1_2\АиСД\Лабораторные\Лаб_4\Lab_4_AiSD\Debug\Lab_4_AiSD.exe" /INCREMENTAL /ILK:"Debug\Lab_4_AiSD.ilk" /NOLOGO kernel32.lib user32.lib gdi32.lib winspool.lib comdlg32.lib advapi32.lib shell32.lib ole32.lib oleaut32.lib uuid.lib odbc32.lib odbccp32.lib /MANIFEST /MANIFESTUAC:"level='asInvoker' uiAccess='false'" /manifest:embed /DEBUG /PDB:"D:\БГТУ Лабы, лекции и тд\Курс_1_2\АиСД\Лабораторные\Лаб_4\Lab_4_AiSD\Debug\Lab_4_AiSD.pdb" /SUBSYSTEM:CONSOLE /TLBID:1 /DYNAMICBASE /NXCOMPAT /IMPLIB:"D:\БГТУ Лабы, лекции и тд\Курс_1_2\АиСД\Лабораторные\Лаб_4\Lab_4_AiSD\Debug\Lab_4_AiSD.lib" /MACHINE:X86 Debug\Lab_4_AiSD.obj
         Lab_4_AiSD.vcxproj -> D:\БГТУ Лабы, лекции и тд\Курс_1_2\АиСД\Лабораторные\Лаб_4\Lab_4_AiSD\Debug\Lab_4_AiSD.exe
       FinalizeBuildStatus:
         Файл "Debug\Lab_4_AiSD.tlog\unsuccessfulbuild" удаляется.
         Обращение к "Debug\Lab_4_AiSD.tlog\Lab_4_AiSD.lastbuildstate".
     1>Сборка проекта "D:\БГТУ Лабы, лекции и тд\Курс_1_2\АиСД\Лабораторные\Лаб_4\Lab_4_AiSD\Lab_4_AiSD\Lab_4_AiSD.vcxproj" завершена (целевые объекты Build).

Сборка успешно завершена.

       "D:\БГТУ Лабы, лекции и тд\Курс_1_2\АиСД\Лабораторные\Лаб_4\Lab_4_AiSD\Lab_4_AiSD\Lab_4_AiSD.vcxproj" (целевой объект Build ) (1) ->
       (Целевой объект ClCompile) -> 
         D:\БГТУ Лабы, лекции и тд\Курс_1_2\АиСД\Лабораторные\Лаб_4\Lab_4_AiSD\Lab_4_AiSD\Lab_4_AiSD.cpp(7,12): warning C4244: аргумент: преобразование "time_t" в "unsigned int", возможна потеря данных

    Предупреждений: 1
    Ошибок: 0

Прошло времени 00:00:01.70
