Сборка начата 11.05.2022 14:52:08.
Уровень детализации журнала: Normal.     1>Проект "D:\БГТУ Лабы, лекции и тд\Курс_1_2\АиСД\Лабораторные\Lab_6\Lab_6_AiSD\Lab_6_AiSD\Lab_6_AiSD.vcxproj" в узле 2 (целевые объекты Build).
     1>InitializeBuildStatus:
         Создание "Debug\Lab_6_AiSD.tlog\unsuccessfulbuild", так как было задано "AlwaysCreate".
       ClCompile:
         C:\Program Files (x86)\Microsoft Visual Studio\2019\Community\VC\Tools\MSVC\14.29.30133\bin\HostX86\x86\CL.exe /c /ZI /JMC /nologo /W3 /WX- /diagnostics:column /sdl /Od /Oy- /D WIN32 /D _DEBUG /D _CONSOLE /D _UNICODE /D UNICODE /Gm- /EHsc /RTC1 /MDd /GS /fp:precise /permissive- /Zc:wchar_t /Zc:forScope /Zc:inline /Fo"Debug\\" /Fd"Debug\vc142.pdb" /external:W3 /Gd /TP /analyze- /FC /errorReport:prompt Lab_6_AiSD.cpp
         Lab_6_AiSD.cpp
     1>D:\БГТУ Лабы, лекции и тд\Курс_1_2\АиСД\Лабораторные\Lab_6\Lab_6_AiSD\Lab_6_AiSD\Header.h(25,20): warning C4018: <: несоответствие типов со знаком и без знака
     1>D:\БГТУ Лабы, лекции и тд\Курс_1_2\АиСД\Лабораторные\Lab_6\Lab_6_AiSD\Lab_6_AiSD\Header.h(27,21): warning C4018: <: несоответствие типов со знаком и без знака
     1>D:\БГТУ Лабы, лекции и тд\Курс_1_2\АиСД\Лабораторные\Lab_6\Lab_6_AiSD\Lab_6_AiSD\Header.h(60,20): warning C4018: <: несоответствие типов со знаком и без знака
     1>D:\БГТУ Лабы, лекции и тд\Курс_1_2\АиСД\Лабораторные\Lab_6\Lab_6_AiSD\Lab_6_AiSD\Header.h(62,21): warning C4018: <: несоответствие типов со знаком и без знака
     1>D:\БГТУ Лабы, лекции и тд\Курс_1_2\АиСД\Лабораторные\Lab_6\Lab_6_AiSD\Lab_6_AiSD\Header.h(90,21): warning C4018: <: несоответствие типов со знаком и без знака
     1>D:\БГТУ Лабы, лекции и тд\Курс_1_2\АиСД\Лабораторные\Lab_6\Lab_6_AiSD\Lab_6_AiSD\Header.h(119,20): warning C4018: <: несоответствие типов со знаком и без знака
     1>D:\БГТУ Лабы, лекции и тд\Курс_1_2\АиСД\Лабораторные\Lab_6\Lab_6_AiSD\Lab_6_AiSD\Header.h(121,21): warning C4018: <: несоответствие типов со знаком и без знака
     1>D:\БГТУ Лабы, лекции и тд\Курс_1_2\АиСД\Лабораторные\Lab_6\Lab_6_AiSD\Lab_6_AiSD\Header.h(158,21): warning C4018: <: несоответствие типов со знаком и без знака
     1>D:\БГТУ Лабы, лекции и тд\Курс_1_2\АиСД\Лабораторные\Lab_6\Lab_6_AiSD\Lab_6_AiSD\Header.h(191,20): warning C4018: <: несоответствие типов со знаком и без знака
     1>D:\БГТУ Лабы, лекции и тд\Курс_1_2\АиСД\Лабораторные\Lab_6\Lab_6_AiSD\Lab_6_AiSD\Header.h(195,26): warning C4018: <: несоответствие типов со знаком и без знака
     1>D:\БГТУ Лабы, лекции и тд\Курс_1_2\АиСД\Лабораторные\Lab_6\Lab_6_AiSD\Lab_6_AiSD\Header.h(199,24): warning C4018: <: несоответствие типов со знаком и без знака
     1>D:\БГТУ Лабы, лекции и тд\Курс_1_2\АиСД\Лабораторные\Lab_6\Lab_6_AiSD\Lab_6_AiSD\Header.h(217,20): warning C4018: <: несоответствие типов со знаком и без знака
     1>D:\БГТУ Лабы, лекции и тд\Курс_1_2\АиСД\Лабораторные\Lab_6\Lab_6_AiSD\Lab_6_AiSD\Header.h(221,26): warning C4018: <: несоответствие типов со знаком и без знака
     1>D:\БГТУ Лабы, лекции и тд\Курс_1_2\АиСД\Лабораторные\Lab_6\Lab_6_AiSD\Lab_6_AiSD\Header.h(225,24): warning C4018: <: несоответствие типов со знаком и без знака
     1>D:\БГТУ Лабы, лекции и тд\Курс_1_2\АиСД\Лабораторные\Lab_6\Lab_6_AiSD\Lab_6_AiSD\Header.h(247,20): warning C4018: <: несоответствие типов со знаком и без знака
     1>D:\БГТУ Лабы, лекции и тд\Курс_1_2\АиСД\Лабораторные\Lab_6\Lab_6_AiSD\Lab_6_AiSD\Header.h(269,20): warning C4018: <: несоответствие типов со знаком и без знака
     1>D:\БГТУ Лабы, лекции и тд\Курс_1_2\АиСД\Лабораторные\Lab_6\Lab_6_AiSD\Lab_6_AiSD\Header.h(291,20): warning C4018: <: несоответствие типов со знаком и без знака
     1>D:\БГТУ Лабы, лекции и тд\Курс_1_2\АиСД\Лабораторные\Lab_6\Lab_6_AiSD\Lab_6_AiSD\Header.h(313,20): warning C4018: <: несоответствие типов со знаком и без знака
     1>D:\БГТУ Лабы, лекции и тд\Курс_1_2\АиСД\Лабораторные\Lab_6\Lab_6_AiSD\Lab_6_AiSD\Header.h(331,20): warning C4018: <=: несоответствие типов со знаком и без знака
     1>D:\БГТУ Лабы, лекции и тд\Курс_1_2\АиСД\Лабораторные\Lab_6\Lab_6_AiSD\Lab_6_AiSD\Header.h(353,20): warning C4018: <: несоответствие типов со знаком и без знака
     1>D:\БГТУ Лабы, лекции и тд\Курс_1_2\АиСД\Лабораторные\Lab_6\Lab_6_AiSD\Lab_6_AiSD\Lab_6_AiSD.cpp(87,1): warning C4326: возвращаемый тип "main" должен быть "int", а не "void"
       Link:
         C:\Program Files (x86)\Microsoft Visual Studio\2019\Community\VC\Tools\MSVC\14.29.30133\bin\HostX86\x86\link.exe /ERRORREPORT:PROMPT /OUT:"D:\БГТУ Лабы, лекции и тд\Курс_1_2\АиСД\Лабораторные\Lab_6\Lab_6_AiSD\Debug\Lab_6_AiSD.exe" /INCREMENTAL /ILK:"Debug\Lab_6_AiSD.ilk" /NOLOGO kernel32.lib user32.lib gdi32.lib winspool.lib comdlg32.lib advapi32.lib shell32.lib ole32.lib oleaut32.lib uuid.lib odbc32.lib odbccp32.lib /MANIFEST /MANIFESTUAC:"level='asInvoker' uiAccess='false'" /manifest:embed /DEBUG /PDB:"D:\БГТУ Лабы, лекции и тд\Курс_1_2\АиСД\Лабораторные\Lab_6\Lab_6_AiSD\Debug\Lab_6_AiSD.pdb" /SUBSYSTEM:CONSOLE /TLBID:1 /DYNAMICBASE /NXCOMPAT /IMPLIB:"D:\БГТУ Лабы, лекции и тд\Курс_1_2\АиСД\Лабораторные\Lab_6\Lab_6_AiSD\Debug\Lab_6_AiSD.lib" /MACHINE:X86 Debug\Lab_6_AiSD.obj
         Lab_6_AiSD.vcxproj -> D:\БГТУ Лабы, лекции и тд\Курс_1_2\АиСД\Лабораторные\Lab_6\Lab_6_AiSD\Debug\Lab_6_AiSD.exe
       FinalizeBuildStatus:
         Файл "Debug\Lab_6_AiSD.tlog\unsuccessfulbuild" удаляется.
         Обращение к "Debug\Lab_6_AiSD.tlog\Lab_6_AiSD.lastbuildstate".
     1>Сборка проекта "D:\БГТУ Лабы, лекции и тд\Курс_1_2\АиСД\Лабораторные\Lab_6\Lab_6_AiSD\Lab_6_AiSD\Lab_6_AiSD.vcxproj" завершена (целевые объекты Build).

Сборка успешно завершена.

       "D:\БГТУ Лабы, лекции и тд\Курс_1_2\АиСД\Лабораторные\Lab_6\Lab_6_AiSD\Lab_6_AiSD\Lab_6_AiSD.vcxproj" (целевой объект Build ) (1) ->
       (Целевой объект ClCompile) -> 
         D:\БГТУ Лабы, лекции и тд\Курс_1_2\АиСД\Лабораторные\Lab_6\Lab_6_AiSD\Lab_6_AiSD\Header.h(25,20): warning C4018: <: несоответствие типов со знаком и без знака
         D:\БГТУ Лабы, лекции и тд\Курс_1_2\АиСД\Лабораторные\Lab_6\Lab_6_AiSD\Lab_6_AiSD\Header.h(27,21): warning C4018: <: несоответствие типов со знаком и без знака
         D:\БГТУ Лабы, лекции и тд\Курс_1_2\АиСД\Лабораторные\Lab_6\Lab_6_AiSD\Lab_6_AiSD\Header.h(60,20): warning C4018: <: несоответствие типов со знаком и без знака
         D:\БГТУ Лабы, лекции и тд\Курс_1_2\АиСД\Лабораторные\Lab_6\Lab_6_AiSD\Lab_6_AiSD\Header.h(62,21): warning C4018: <: несоответствие типов со знаком и без знака
         D:\БГТУ Лабы, лекции и тд\Курс_1_2\АиСД\Лабораторные\Lab_6\Lab_6_AiSD\Lab_6_AiSD\Header.h(90,21): warning C4018: <: несоответствие типов со знаком и без знака
         D:\БГТУ Лабы, лекции и тд\Курс_1_2\АиСД\Лабораторные\Lab_6\Lab_6_AiSD\Lab_6_AiSD\Header.h(119,20): warning C4018: <: несоответствие типов со знаком и без знака
         D:\БГТУ Лабы, лекции и тд\Курс_1_2\АиСД\Лабораторные\Lab_6\Lab_6_AiSD\Lab_6_AiSD\Header.h(121,21): warning C4018: <: несоответствие типов со знаком и без знака
         D:\БГТУ Лабы, лекции и тд\Курс_1_2\АиСД\Лабораторные\Lab_6\Lab_6_AiSD\Lab_6_AiSD\Header.h(158,21): warning C4018: <: несоответствие типов со знаком и без знака
         D:\БГТУ Лабы, лекции и тд\Курс_1_2\АиСД\Лабораторные\Lab_6\Lab_6_AiSD\Lab_6_AiSD\Header.h(191,20): warning C4018: <: несоответствие типов со знаком и без знака
         D:\БГТУ Лабы, лекции и тд\Курс_1_2\АиСД\Лабораторные\Lab_6\Lab_6_AiSD\Lab_6_AiSD\Header.h(195,26): warning C4018: <: несоответствие типов со знаком и без знака
         D:\БГТУ Лабы, лекции и тд\Курс_1_2\АиСД\Лабораторные\Lab_6\Lab_6_AiSD\Lab_6_AiSD\Header.h(199,24): warning C4018: <: несоответствие типов со знаком и без знака
         D:\БГТУ Лабы, лекции и тд\Курс_1_2\АиСД\Лабораторные\Lab_6\Lab_6_AiSD\Lab_6_AiSD\Header.h(217,20): warning C4018: <: несоответствие типов со знаком и без знака
         D:\БГТУ Лабы, лекции и тд\Курс_1_2\АиСД\Лабораторные\Lab_6\Lab_6_AiSD\Lab_6_AiSD\Header.h(221,26): warning C4018: <: несоответствие типов со знаком и без знака
         D:\БГТУ Лабы, лекции и тд\Курс_1_2\АиСД\Лабораторные\Lab_6\Lab_6_AiSD\Lab_6_AiSD\Header.h(225,24): warning C4018: <: несоответствие типов со знаком и без знака
         D:\БГТУ Лабы, лекции и тд\Курс_1_2\АиСД\Лабораторные\Lab_6\Lab_6_AiSD\Lab_6_AiSD\Header.h(247,20): warning C4018: <: несоответствие типов со знаком и без знака
         D:\БГТУ Лабы, лекции и тд\Курс_1_2\АиСД\Лабораторные\Lab_6\Lab_6_AiSD\Lab_6_AiSD\Header.h(269,20): warning C4018: <: несоответствие типов со знаком и без знака
         D:\БГТУ Лабы, лекции и тд\Курс_1_2\АиСД\Лабораторные\Lab_6\Lab_6_AiSD\Lab_6_AiSD\Header.h(291,20): warning C4018: <: несоответствие типов со знаком и без знака
         D:\БГТУ Лабы, лекции и тд\Курс_1_2\АиСД\Лабораторные\Lab_6\Lab_6_AiSD\Lab_6_AiSD\Header.h(313,20): warning C4018: <: несоответствие типов со знаком и без знака
         D:\БГТУ Лабы, лекции и тд\Курс_1_2\АиСД\Лабораторные\Lab_6\Lab_6_AiSD\Lab_6_AiSD\Header.h(331,20): warning C4018: <=: несоответствие типов со знаком и без знака
         D:\БГТУ Лабы, лекции и тд\Курс_1_2\АиСД\Лабораторные\Lab_6\Lab_6_AiSD\Lab_6_AiSD\Header.h(353,20): warning C4018: <: несоответствие типов со знаком и без знака
         D:\БГТУ Лабы, лекции и тд\Курс_1_2\АиСД\Лабораторные\Lab_6\Lab_6_AiSD\Lab_6_AiSD\Lab_6_AiSD.cpp(87,1): warning C4326: возвращаемый тип "main" должен быть "int", а не "void"

    Предупреждений: 21
    Ошибок: 0

Прошло времени 00:00:01.33
